<?xml version="1.0" encoding="UTF-8"?>
<testsuite xmlns:xsi="http://www.w3.org/2001/XMLSchema-instance" xsi:noNamespaceSchemaLocation="https://maven.apache.org/surefire/maven-surefire-plugin/xsd/surefire-test-report.xsd" name="top.kegurou.AppTest" time="3.902" tests="7" errors="0" skipped="0" failures="0">
  <properties>
[...]
</properties>
  <testcase name="testNeMusicComment" classname="top.kegurou.AppTest" time="1.482"/>
  <testcase name="shouldAnswerWithTrue" classname="top.kegurou.AppTest" time="0"/>
  <testcase name="testslf4j" classname="top.kegurou.AppTest" time="0.002"/>
  <testcase name="testMune" classname="top.kegurou.AppTest" time="0.026"/>
  <testcase name="testMicoHttp" classname="top.kegurou.AppTest" time="1.333"/>
  <testcase name="testHttpUtilDoPost" classname="top.kegurou.AppTest" time="0.133"/>
  <testcase name="testHttpUtilDoGet" classname="top.kegurou.AppTest" time="0.863"/>
</testsuite>